2025-02-14 15:29:29 [main] INFO  - Browser launched and navigated to OrangeHRM login page
2025-02-14 15:29:29 [main] INFO  - import Homepage
2025-02-14 15:29:30 [main] INFO  - enter username
2025-02-14 15:29:31 [main] INFO  - enter password
2025-02-14 15:29:31 [main] INFO  - click the button
2025-02-14 15:29:31 [main] INFO  - Browser closed successfully
2025-02-15 11:33:16 [main] INFO  - Browser launched and navigated to OrangeHRM login page
2025-02-15 11:33:17 [main] INFO  - import Homepage
2025-02-15 11:33:28 [main] INFO  - Browser closed successfully
2025-02-15 11:35:22 [main] INFO  - Browser launched and navigated to OrangeHRM login page
2025-02-15 11:35:22 [main] INFO  - import Homepage
2025-02-15 11:35:33 [main] INFO  - Browser closed successfully
2025-02-15 11:37:17 [main] INFO  - Browser launched and navigated to OrangeHRM login page
2025-02-15 11:37:17 [main] INFO  - import Homepage
2025-02-15 11:37:28 [main] INFO  - Browser closed successfully
2025-02-18 17:53:10 [main] INFO  - chrome browser launched successfully
2025-02-18 17:53:12 [main] INFO  - Browser launched and navigated to application URL
2025-02-18 17:53:13 [main] INFO  - import Homepage
2025-02-18 17:53:13 [main] INFO  - enter username
2025-02-18 17:53:13 [main] INFO  - enter password
2025-02-18 17:53:13 [main] INFO  - click the button
2025-02-18 17:53:13 [main] INFO  - Browser closed successfully
2025-02-18 17:53:38 [main] INFO  - chrome browser launched successfully
2025-02-18 17:53:38 [main] INFO  - Browser launched and navigated to application URL
2025-02-18 17:53:38 [main] INFO  - import Homepage
2025-02-18 17:53:41 [main] INFO  - enter username
2025-02-18 17:53:41 [main] INFO  - enter password
2025-02-18 17:53:41 [main] INFO  - click the button
2025-02-18 17:53:41 [main] INFO  - Browser closed successfully
2025-02-18 17:56:38 [main] INFO  - chrome browser launched successfully
2025-02-18 18:18:53 [main] INFO  - chrome browser launched successfully
2025-02-18 18:19:08 [main] INFO  - Browser launched and navigated to application URL
2025-02-18 18:19:08 [main] INFO  - import Homepage
2025-02-18 18:19:10 [main] INFO  - enter username
2025-02-18 18:19:10 [main] INFO  - enter password
2025-02-18 18:19:10 [main] INFO  - click the button
2025-02-18 18:19:11 [main] INFO  - Browser closed successfully
